\BOOKMARK [1][-]{section.1}{Einleitung}{}% 1
\BOOKMARK [1][-]{section.2}{Ziel des Versuchs}{}% 2
\BOOKMARK [1][-]{section.3}{Aufbau}{}% 3
\BOOKMARK [1][-]{section.4}{Versuchsdurchf\374hrung}{}% 4
\BOOKMARK [1][-]{section.5}{Auswertung und Fehleranalyse}{}% 5
\BOOKMARK [2][-]{subsection.5.1}{1. Versuchsteil : Bestimmung der Dichte eines regul\344ren K\366rpers}{section.5}% 6
\BOOKMARK [3][-]{subsubsection.5.1.1}{Bestimmung mit einer Jolly'schen Federwaage}{subsection.5.1}% 7
\BOOKMARK [3][-]{subsubsection.5.1.2}{Beispielrechnungen \(mit ersten Datenpunkten\)}{subsection.5.1}% 8
\BOOKMARK [3][-]{subsubsection.5.1.3}{Beispielrechnungen}{subsection.5.1}% 9
\BOOKMARK [3][-]{subsubsection.5.1.4}{Beispielrechnungen}{subsection.5.1}% 10
\BOOKMARK [3][-]{subsubsection.5.1.5}{Bestimmung durch Volumen- und Massemessungen}{subsection.5.1}% 11
\BOOKMARK [3][-]{subsubsection.5.1.6}{Beispielrechnungen}{subsection.5.1}% 12
\BOOKMARK [2][-]{subsection.5.2}{2. Teil: Bestimmung der Dichte einer unbekannten Fl\374ssigkeit}{section.5}% 13
\BOOKMARK [3][-]{subsubsection.5.2.1}{Beispielrechnung}{subsection.5.2}% 14
\BOOKMARK [2][-]{subsection.5.3}{2. Versuchsteil: Bestimmung der Oberfl\344chenspannung}{section.5}% 15
\BOOKMARK [1][-]{section.6}{Diskussion der Ergebnisse}{}% 16
\BOOKMARK [2][-]{subsection.6.1}{1. Versuchsteil}{section.6}% 17
\BOOKMARK [2][-]{subsection.6.2}{2. Versuchsteil}{section.6}% 18
\BOOKMARK [1][-]{section.7}{Anhang: Rohe Daten}{}% 19
\BOOKMARK [2][-]{subsection.7.1}{1. Versuchsteil}{section.7}% 20
\BOOKMARK [2][-]{subsection.7.2}{2. Versuchsteil}{section.7}% 21
\BOOKMARK [1][-]{section.8}{Literatur}{}% 22
