\BOOKMARK [1][-]{section.1}{Einleitung}{}% 1
\BOOKMARK [1][-]{section.2}{Ziel des Versuchs}{}% 2
\BOOKMARK [1][-]{section.3}{Aufbau}{}% 3
\BOOKMARK [1][-]{section.4}{Auswertung und Fehleranalyse}{}% 4
\BOOKMARK [2][-]{subsection.4.1}{1. Versuchsteil : Bestimmung der Dichte eines regul\344ren K\366rpers}{section.4}% 5
\BOOKMARK [3][-]{subsubsection.4.1.1}{Bestimmung mit einer Jolly'schen Federwaage}{subsection.4.1}% 6
\BOOKMARK [3][-]{subsubsection.4.1.2}{Beispielrechnungen \(mit ersten Datenpunkten\)}{subsection.4.1}% 7
\BOOKMARK [3][-]{subsubsection.4.1.3}{Beispielrechnungen}{subsection.4.1}% 8
\BOOKMARK [3][-]{subsubsection.4.1.4}{Beispielrechnungen}{subsection.4.1}% 9
\BOOKMARK [3][-]{subsubsection.4.1.5}{Bestimmung durch Volumen- und Massemessungen}{subsection.4.1}% 10
\BOOKMARK [3][-]{subsubsection.4.1.6}{Beispielrechnungen}{subsection.4.1}% 11
\BOOKMARK [2][-]{subsection.4.2}{2. Teil: Bestimmung der Dichte einer unbekannten Fl\374ssigkeit}{section.4}% 12
\BOOKMARK [3][-]{subsubsection.4.2.1}{Beispielrechnung}{subsection.4.2}% 13
\BOOKMARK [2][-]{subsection.4.3}{2. Versuchsteil: Bestimmung der Oberfl\344chenspannung}{section.4}% 14
\BOOKMARK [1][-]{section.5}{Diskussion der Ergebnisse}{}% 15
\BOOKMARK [2][-]{subsection.5.1}{1. Versuchsteil}{section.5}% 16
\BOOKMARK [2][-]{subsection.5.2}{2. Versuchsteil}{section.5}% 17
\BOOKMARK [1][-]{section.6}{Anhang: Rohe Daten}{}% 18
\BOOKMARK [2][-]{subsection.6.1}{1. Versuchsteil}{section.6}% 19
\BOOKMARK [2][-]{subsection.6.2}{2. Versuchsteil}{section.6}% 20
\BOOKMARK [1][-]{section.7}{Literatur}{}% 21
